<?xml version="1.0" encoding="UTF-8"?>
<!-- Generated by org.testng.reporters.JUnitXMLReporter -->
<testsuite hostname="HP2000" ignored="0" name="Test" tests="2" failures="2" timestamp="2019-11-30T20:51:13 IST" time="0.098" errors="0">
  <testcase name="womenClothes" time="0.0" classname="testPackage.itemSearch">
    <failure type="org.testng.TestNGException" message="
Cannot inject @Test annotated Method [womenClothes] with [interface org.openqa.selenium.WebDriver].
For more information on native dependency injection please refer to http://testng.org/doc/documentation-main.html#native-dependency-injection">
      <![CDATA[org.testng.TestNGException: 
Cannot inject @Test annotated Method [womenClothes] with [interface org.openqa.selenium.WebDriver].
For more information on native dependency injection please refer to http://testng.org/doc/documentation-main.html#native-dependency-injection
at java.util.ArrayList.forEach(Unknown Source)
... Removed 26 stack frames]]>
    </failure>
  </testcase> <!-- womenClothes -->
  <testcase name="viewDetails" time="0.0" classname="testPackage.productInfo">
    <failure type="org.testng.TestNGException" message="
Cannot inject @Test annotated Method [viewDetails] with [interface org.openqa.selenium.WebDriver].
For more information on native dependency injection please refer to http://testng.org/doc/documentation-main.html#native-dependency-injection">
      <![CDATA[org.testng.TestNGException: 
Cannot inject @Test annotated Method [viewDetails] with [interface org.openqa.selenium.WebDriver].
For more information on native dependency injection please refer to http://testng.org/doc/documentation-main.html#native-dependency-injection
at java.util.ArrayList.forEach(Unknown Source)
... Removed 26 stack frames]]>
    </failure>
  </testcase> <!-- viewDetails -->
</testsuite> <!-- Test -->
